Using pre-set license
Built from '2020.3/staging' branch; Version is '2020.3.10f1 (297d780c91bc) revision 2719096'; Using compiler version '192528614'; Build Type 'Release'
OS: 'Windows 10 Pro; OS build 19041.1052; Version 2004; 64bit' Language: 'de' Physical Memory: 32682 MB
BatchMode: 1, IsHumanControllingUs: 0, StartBugReporterOnCrash: 0, Is64bit: 1, IsPro: 0

 COMMAND LINE ARGUMENTS:
D:\Unity Installations\2020.3.10f1\Editor\Unity.exe
-adb2
-batchMode
-noUpm
-name
AssetImportWorker0
-projectPath
E:/YouTube/Unity/AddingAnimations
-logFile
Logs/AssetImportWorker0.log
-srvPort
56981
Successfully changed project path to: E:/YouTube/Unity/AddingAnimations
E:/YouTube/Unity/AddingAnimations
Using Asset Import Pipeline V2.
Refreshing native plugins compatible for Editor in 35.03 ms, found 3 plugins.
Preloading 0 native plugins for Editor in 0.00 ms.
Initialize engine version: 2020.3.10f1 (297d780c91bc)
[Subsystems] Discovering subsystems at path D:/Unity Installations/2020.3.10f1/Editor/Data/Resources/UnitySubsystems
[Subsystems] Discovering subsystems at path E:/YouTube/Unity/AddingAnimations/Assets
GfxDevice: creating device client; threaded=0
Direct3D:
    Version:  Direct3D 11.0 [level 11.1]
    Renderer: NVIDIA GeForce RTX 2080 (ID=0x1e87)
    Vendor:   
    VRAM:     8010 MB
    Driver:   27.21.14.5671
Initialize mono
Mono path[0] = 'D:/Unity Installations/2020.3.10f1/Editor/Data/Managed'
Mono path[1] = 'D:/Unity Installations/2020.3.10f1/Editor/Data/MonoBleedingEdge/lib/mono/unityjit'
Mono config path = 'D:/Unity Installations/2020.3.10f1/Editor/Data/MonoBleedingEdge/etc'
Using monoOptions --debugger-agent=transport=dt_socket,embedding=1,server=y,suspend=n,address=127.0.0.1:56872
Begin MonoManager ReloadAssembly
Registering precompiled unity dll's ...
Register platform support module: D:/Unity Installations/2020.3.10f1/Editor/Data/PlaybackEngines/WindowsStandaloneSupport/UnityEditor.WindowsStandalone.Extensions.dll
Registered in 0.000855 seconds.
Native extension for WindowsStandalone target not found
Refreshing native plugins compatible for Editor in 35.04 ms, found 3 plugins.
Preloading 0 native plugins for Editor in 0.00 ms.
Mono: successfully reloaded assembly
- Completed reload, in  0.764 seconds
Platform modules already initialized, skipping
Registering precompiled user dll's ...
Registered in 0.001992 seconds.
Begin MonoManager ReloadAssembly
Native extension for WindowsStandalone target not found
Refreshing native plugins compatible for Editor in 34.70 ms, found 3 plugins.
Preloading 0 native plugins for Editor in 0.00 ms.
Mono: successfully reloaded assembly
- Completed reload, in  0.898 seconds
Platform modules already initialized, skipping
========================================================================
Worker process is ready to serve import requests
Launched and connected shader compiler UnityShaderCompiler.exe after 0.04 seconds
Refreshing native plugins compatible for Editor in 0.52 ms, found 3 plugins.
Preloading 0 native plugins for Editor in 0.00 ms.
Unloading 2081 Unused Serialized files (Serialized files now loaded: 0)
System memory in use before: 93.0 MB.
System memory in use after: 92.9 MB.

Unloading 33 unused Assets to reduce memory usage. Loaded Objects now: 2515.
Total: 2.551800 ms (FindLiveObjects: 0.252100 ms CreateObjectMapping: 0.047900 ms MarkObjects: 2.124000 ms  DeleteObjects: 0.126700 ms)

========================================================================
Received Import Request.
  path: Assets/Scripts/Animations/PlayerAnimations.cs
  artifactKey: Guid(b65747c3927e2d143aedfd3950313012) Importer(815301076,1909f56bfc062723c751e8b465ee728b)
Start importing Assets/Scripts/Animations/PlayerAnimations.cs using Guid(b65747c3927e2d143aedfd3950313012) Importer(815301076,1909f56bfc062723c751e8b465ee728b)  -> (artifact id: 'ebb99abc7c40b5b773cfd1c189569f11') in 0.061123 seconds
  Import took 0.064300 seconds .

========================================================================
Received Import Request.
  Time since last request: 0.000241 seconds.
  path: Assets/Scripts/Movements/PlayerMovement.cs
  artifactKey: Guid(51592049106d1a44aa129998d0a7f820) Importer(815301076,1909f56bfc062723c751e8b465ee728b)
Start importing Assets/Scripts/Movements/PlayerMovement.cs using Guid(51592049106d1a44aa129998d0a7f820) Importer(815301076,1909f56bfc062723c751e8b465ee728b)  -> (artifact id: '36a3efcbc6a6a00e806bf9f34d6d93ce') in 0.019299 seconds
  Import took 0.031075 seconds .

========================================================================
Received Import Request.
  Time since last request: 4.216134 seconds.
  path: Assets/Scenes/SampleScene.unity
  artifactKey: Guid(2cda990e2423bbf4892e6590ba056729) Importer(815301076,1909f56bfc062723c751e8b465ee728b)
Start importing Assets/Scenes/SampleScene.unity using Guid(2cda990e2423bbf4892e6590ba056729) Importer(815301076,1909f56bfc062723c751e8b465ee728b)  -> (artifact id: 'aa27944bdea339c97c39027c7eea529c') in 0.043135 seconds
  Import took 0.046207 seconds .

========================================================================
Received Import Request.
  Time since last request: 0.567740 seconds.
  path: Assets/Scenes/Animating the Player.unity
  artifactKey: Guid(995b6f89c6724fc4dbf270af477ebd61) Importer(815301076,1909f56bfc062723c751e8b465ee728b)
Start importing Assets/Scenes/Animating the Player.unity using Guid(995b6f89c6724fc4dbf270af477ebd61) Importer(815301076,1909f56bfc062723c751e8b465ee728b)  -> (artifact id: '919a8b808d3297163693d7f839b15a90') in 0.019510 seconds
  Import took 0.022656 seconds .

========================================================================
Received Import Request.
  Time since last request: 1366.693405 seconds.
  path: Assets/AnimatedPlayer.prefab
  artifactKey: Guid(0320572ffd71aa248bf0c14572717b60) Importer(815301076,1909f56bfc062723c751e8b465ee728b)
Start importing Assets/AnimatedPlayer.prefab using Guid(0320572ffd71aa248bf0c14572717b60) Importer(815301076,1909f56bfc062723c751e8b465ee728b)  -> (artifact id: '9b5edbe50bd9eb73b370f70924b07486') in 0.076422 seconds
  Import took 0.080005 seconds .

========================================================================
Received Import Request.
  Time since last request: 455.228344 seconds.
  path: Assets/Sprites
  artifactKey: Guid(ed0c022a168fd41458a1ea32d1a1e9dd) Importer(815301076,1909f56bfc062723c751e8b465ee728b)
Start importing Assets/Sprites using Guid(ed0c022a168fd41458a1ea32d1a1e9dd) Importer(815301076,1909f56bfc062723c751e8b465ee728b)  -> (artifact id: '092eccaa17e0c5a43011afb6521939aa') in 0.019782 seconds
  Import took 0.023188 seconds .

========================================================================
Received Import Request.
  Time since last request: 10.260491 seconds.
  path: Assets/Prefabs
  artifactKey: Guid(c7fd337a5161ca04a9e109aa459a6557) Importer(815301076,1909f56bfc062723c751e8b465ee728b)
Start importing Assets/Prefabs using Guid(c7fd337a5161ca04a9e109aa459a6557) Importer(815301076,1909f56bfc062723c751e8b465ee728b)  -> (artifact id: 'c5bddfcb3327e8bbb8bafe789b640071') in 0.021742 seconds
  Import took 0.024878 seconds .

========================================================================
Received Prepare
Registering precompiled user dll's ...
Registered in 0.002312 seconds.
Begin MonoManager ReloadAssembly
Native extension for WindowsStandalone target not found
Refreshing native plugins compatible for Editor in 0.61 ms, found 3 plugins.
Preloading 0 native plugins for Editor in 0.00 ms.
Mono: successfully reloaded assembly
- Completed reload, in  0.818 seconds
Platform modules already initialized, skipping
Refreshing native plugins compatible for Editor in 0.47 ms, found 3 plugins.
Preloading 0 native plugins for Editor in 0.00 ms.
Unloading 2076 Unused Serialized files (Serialized files now loaded: 0)
System memory in use before: 95.9 MB.
System memory in use after: 95.9 MB.

Unloading 21 unused Assets to reduce memory usage. Loaded Objects now: 2526.
Total: 2.101200 ms (FindLiveObjects: 0.228200 ms CreateObjectMapping: 0.050700 ms MarkObjects: 1.714500 ms  DeleteObjects: 0.106800 ms)

========================================================================
Received Prepare
Registering precompiled user dll's ...
Registered in 0.002279 seconds.
Begin MonoManager ReloadAssembly
Native extension for WindowsStandalone target not found
Refreshing native plugins compatible for Editor in 0.56 ms, found 3 plugins.
Preloading 0 native plugins for Editor in 0.00 ms.
Mono: successfully reloaded assembly
- Completed reload, in  0.820 seconds
Platform modules already initialized, skipping
Refreshing native plugins compatible for Editor in 0.48 ms, found 3 plugins.
Preloading 0 native plugins for Editor in 0.00 ms.
Unloading 2076 Unused Serialized files (Serialized files now loaded: 0)
System memory in use before: 96.0 MB.
System memory in use after: 96.0 MB.

Unloading 21 unused Assets to reduce memory usage. Loaded Objects now: 2530.
Total: 2.023700 ms (FindLiveObjects: 0.198700 ms CreateObjectMapping: 0.046300 ms MarkObjects: 1.663800 ms  DeleteObjects: 0.113800 ms)

========================================================================
Received Import Request.
  Time since last request: 2743.932285 seconds.
  path: Assets/Scripts/Animations
  artifactKey: Guid(e224bd7123e70c648b39c2d1e18de8f4) Importer(815301076,1909f56bfc062723c751e8b465ee728b)
Start importing Assets/Scripts/Animations using Guid(e224bd7123e70c648b39c2d1e18de8f4) Importer(815301076,1909f56bfc062723c751e8b465ee728b)  -> (artifact id: '82d5afbe1d08e9fad250d790ab339846') in 0.021460 seconds
  Import took 0.024323 seconds .

========================================================================
Received Prepare
Registering precompiled user dll's ...
Registered in 0.002323 seconds.
Begin MonoManager ReloadAssembly
Native extension for WindowsStandalone target not found
Refreshing native plugins compatible for Editor in 0.55 ms, found 3 plugins.
Preloading 0 native plugins for Editor in 0.00 ms.
Mono: successfully reloaded assembly
- Completed reload, in  0.831 seconds
Platform modules already initialized, skipping
Refreshing native plugins compatible for Editor in 0.51 ms, found 3 plugins.
Preloading 0 native plugins for Editor in 0.00 ms.
Unloading 2075 Unused Serialized files (Serialized files now loaded: 0)
System memory in use before: 96.0 MB.
System memory in use after: 96.0 MB.

Unloading 22 unused Assets to reduce memory usage. Loaded Objects now: 2533.
Total: 2.094100 ms (FindLiveObjects: 0.202000 ms CreateObjectMapping: 0.052700 ms MarkObjects: 1.730400 ms  DeleteObjects: 0.108200 ms)

========================================================================
Received Import Request.
  Time since last request: 350.605441 seconds.
  path: Assets/Sprites/Player.png
  artifactKey: Guid(7f6f131a0c655e44f8cbbb103071d047) Importer(815301076,1909f56bfc062723c751e8b465ee728b)
Start importing Assets/Sprites/Player.png using Guid(7f6f131a0c655e44f8cbbb103071d047) Importer(815301076,1909f56bfc062723c751e8b465ee728b)  -> (artifact id: 'eee191516e3506205006ad1dc5b58194') in 0.090548 seconds
  Import took 0.094130 seconds .

========================================================================
Received Import Request.
  Time since last request: 7.666015 seconds.
  path: Assets/Sprites/Dark Forest.png
  artifactKey: Guid(0d53841ae6285384e8535ca4783b01f0) Importer(815301076,1909f56bfc062723c751e8b465ee728b)
Start importing Assets/Sprites/Dark Forest.png using Guid(0d53841ae6285384e8535ca4783b01f0) Importer(815301076,1909f56bfc062723c751e8b465ee728b)  -> (artifact id: 'e59e98f7dd2daeeccd2bcf82495c6c4c') in 0.366619 seconds
  Import took 0.371086 seconds .

========================================================================
Received Prepare
Registering precompiled user dll's ...
Registered in 0.002156 seconds.
Begin MonoManager ReloadAssembly
Native extension for WindowsStandalone target not found
Refreshing native plugins compatible for Editor in 0.54 ms, found 3 plugins.
Preloading 0 native plugins for Editor in 0.00 ms.
Mono: successfully reloaded assembly
- Completed reload, in  0.810 seconds
Platform modules already initialized, skipping
Refreshing native plugins compatible for Editor in 0.56 ms, found 3 plugins.
Preloading 0 native plugins for Editor in 0.00 ms.
Unloading 2075 Unused Serialized files (Serialized files now loaded: 0)
System memory in use before: 96.2 MB.
System memory in use after: 96.1 MB.

Unloading 22 unused Assets to reduce memory usage. Loaded Objects now: 2544.
Total: 2.176300 ms (FindLiveObjects: 0.239000 ms CreateObjectMapping: 0.045700 ms MarkObjects: 1.767200 ms  DeleteObjects: 0.123100 ms)

========================================================================
Received Import Request.
  Time since last request: 645.720484 seconds.
  path: Assets/Sprites/Adventurer.png
  artifactKey: Guid(e5cc0e6b8ca79e94586cacf2ef8d37e6) Importer(815301076,1909f56bfc062723c751e8b465ee728b)
Start importing Assets/Sprites/Adventurer.png using Guid(e5cc0e6b8ca79e94586cacf2ef8d37e6) Importer(815301076,1909f56bfc062723c751e8b465ee728b)  -> (artifact id: 'e117aafd7b1431a27b7519772a0dec99') in 0.065925 seconds
  Import took 0.069823 seconds .

========================================================================
Received Import Request.
  Time since last request: 25.051901 seconds.
  path: Assets/Sprites/Adventurer.png
  artifactKey: Guid(e5cc0e6b8ca79e94586cacf2ef8d37e6) Importer(815301076,1909f56bfc062723c751e8b465ee728b)
Start importing Assets/Sprites/Adventurer.png using Guid(e5cc0e6b8ca79e94586cacf2ef8d37e6) Importer(815301076,1909f56bfc062723c751e8b465ee728b)  -> (artifact id: '94678bff009de4780fee6441603f22ed') in 0.037257 seconds
  Import took 0.040481 seconds .

========================================================================
Received Import Request.
  Time since last request: 101.161228 seconds.
  path: Assets/Sprites/Adventurer.png
  artifactKey: Guid(e5cc0e6b8ca79e94586cacf2ef8d37e6) Importer(815301076,1909f56bfc062723c751e8b465ee728b)
Start importing Assets/Sprites/Adventurer.png using Guid(e5cc0e6b8ca79e94586cacf2ef8d37e6) Importer(815301076,1909f56bfc062723c751e8b465ee728b)  -> (artifact id: 'dadd5111e540f29d436ca5729fca6575') in 0.231080 seconds
  Import took 0.234996 seconds .

========================================================================
Received Import Request.
  Time since last request: 132.471006 seconds.
  path: Assets/Animations/Adventurer_0.controller
  artifactKey: Guid(5d0630cb328fbe44386ded30b5b1c2e0) Importer(815301076,1909f56bfc062723c751e8b465ee728b)
Start importing Assets/Animations/Adventurer_0.controller using Guid(5d0630cb328fbe44386ded30b5b1c2e0) Importer(815301076,1909f56bfc062723c751e8b465ee728b)  -> (artifact id: 'd1816666fd8169be076168bc03b65a6b') in 0.022378 seconds
  Import took 0.025764 seconds .

========================================================================
Received Import Request.
  Time since last request: 14.900009 seconds.
  path: Assets/Animations/AnimatedPlayer.anim
  artifactKey: Guid(f208c8ed5a7ec6f4c8cc700e0afa4a8f) Importer(815301076,1909f56bfc062723c751e8b465ee728b)
Start importing Assets/Animations/AnimatedPlayer.anim using Guid(f208c8ed5a7ec6f4c8cc700e0afa4a8f) Importer(815301076,1909f56bfc062723c751e8b465ee728b)  -> (artifact id: 'a01f99efbc7c91e4d9630cdbf7d0fc8a') in 0.020937 seconds
  Import took 0.024239 seconds .

========================================================================
Received Import Request.
  Time since last request: 0.001675 seconds.
  path: Assets/Animations/AnimatedPlayer.anim
  artifactKey: Guid(f208c8ed5a7ec6f4c8cc700e0afa4a8f) Importer(815301076,1909f56bfc062723c751e8b465ee728b)
Start importing Assets/Animations/AnimatedPlayer.anim using Guid(f208c8ed5a7ec6f4c8cc700e0afa4a8f) Importer(815301076,1909f56bfc062723c751e8b465ee728b)  -> (artifact id: 'a01f99efbc7c91e4d9630cdbf7d0fc8a') in 0.020082 seconds
  Import took 0.023573 seconds .

========================================================================
Received Import Request.
  Time since last request: 84.701261 seconds.
  path: Assets/Animations/PlayerIdle.anim
  artifactKey: Guid(f208c8ed5a7ec6f4c8cc700e0afa4a8f) Importer(815301076,1909f56bfc062723c751e8b465ee728b)
Start importing Assets/Animations/PlayerIdle.anim using Guid(f208c8ed5a7ec6f4c8cc700e0afa4a8f) Importer(815301076,1909f56bfc062723c751e8b465ee728b)  -> (artifact id: '6ac2e8287f70cadbabb16dac2d014f99') in 0.031444 seconds
  Import took 0.035209 seconds .

========================================================================
Received Import Request.
  Time since last request: 23.512866 seconds.
  path: Assets/Animations/AnimatedPlayer.anim
  artifactKey: Guid(f208c8ed5a7ec6f4c8cc700e0afa4a8f) Importer(815301076,1909f56bfc062723c751e8b465ee728b)
Start importing Assets/Animations/AnimatedPlayer.anim using Guid(f208c8ed5a7ec6f4c8cc700e0afa4a8f) Importer(815301076,1909f56bfc062723c751e8b465ee728b)  -> (artifact id: '40d102fe1e771987f3e9b959d40e83af') in 0.019248 seconds
  Import took 0.022639 seconds .

========================================================================
Received Import Request.
  Time since last request: 2.797535 seconds.
  path: Assets/Animations/Adventurer_0.controller
  artifactKey: Guid(5d0630cb328fbe44386ded30b5b1c2e0) Importer(815301076,1909f56bfc062723c751e8b465ee728b)
Start importing Assets/Animations/Adventurer_0.controller using Guid(5d0630cb328fbe44386ded30b5b1c2e0) Importer(815301076,1909f56bfc062723c751e8b465ee728b)  -> (artifact id: '2a6b9cab45e21538995d946b599df834') in 0.020098 seconds
  Import took 0.023585 seconds .

========================================================================
Received Prepare
Registering precompiled user dll's ...
Registered in 0.002261 seconds.
Begin MonoManager ReloadAssembly
Native extension for WindowsStandalone target not found
Refreshing native plugins compatible for Editor in 0.57 ms, found 3 plugins.
Preloading 0 native plugins for Editor in 0.00 ms.
Mono: successfully reloaded assembly
- Completed reload, in  0.840 seconds
Platform modules already initialized, skipping
Refreshing native plugins compatible for Editor in 0.54 ms, found 3 plugins.
Preloading 0 native plugins for Editor in 0.00 ms.
Unloading 2075 Unused Serialized files (Serialized files now loaded: 0)
System memory in use before: 96.2 MB.
System memory in use after: 96.2 MB.

Unloading 21 unused Assets to reduce memory usage. Loaded Objects now: 2597.
Total: 2.182100 ms (FindLiveObjects: 0.225400 ms CreateObjectMapping: 0.047400 ms MarkObjects: 1.784300 ms  DeleteObjects: 0.123700 ms)

========================================================================
Received Prepare
Registering precompiled user dll's ...
Registered in 0.002213 seconds.
Begin MonoManager ReloadAssembly
Native extension for WindowsStandalone target not found
Refreshing native plugins compatible for Editor in 0.55 ms, found 3 plugins.
Preloading 0 native plugins for Editor in 0.00 ms.
Mono: successfully reloaded assembly
- Completed reload, in  0.837 seconds
Platform modules already initialized, skipping
Refreshing native plugins compatible for Editor in 0.53 ms, found 3 plugins.
Preloading 0 native plugins for Editor in 0.00 ms.
Unloading 2075 Unused Serialized files (Serialized files now loaded: 0)
System memory in use before: 96.2 MB.
System memory in use after: 96.2 MB.

Unloading 21 unused Assets to reduce memory usage. Loaded Objects now: 2601.
Total: 2.159200 ms (FindLiveObjects: 0.253400 ms CreateObjectMapping: 0.050500 ms MarkObjects: 1.744500 ms  DeleteObjects: 0.109700 ms)

========================================================================
Received Import Request.
  Time since last request: 461.915778 seconds.
  path: Assets/Animations/Adventurer_0.controller
  artifactKey: Guid(5d0630cb328fbe44386ded30b5b1c2e0) Importer(815301076,1909f56bfc062723c751e8b465ee728b)
Start importing Assets/Animations/Adventurer_0.controller using Guid(5d0630cb328fbe44386ded30b5b1c2e0) Importer(815301076,1909f56bfc062723c751e8b465ee728b)  -> (artifact id: '6e20f177fda1f2bfc06665ed90ddc7c9') in 0.030131 seconds
  Import took 0.033431 seconds .

========================================================================
Received Import Request.
  Time since last request: 210.664006 seconds.
  path: Assets/Scripts
  artifactKey: Guid(ae2d335479d9d89488c8b0ed8885501a) Importer(815301076,1909f56bfc062723c751e8b465ee728b)
Start importing Assets/Scripts using Guid(ae2d335479d9d89488c8b0ed8885501a) Importer(815301076,1909f56bfc062723c751e8b465ee728b)  -> (artifact id: '813439beb98602bc133a5a5f38318350') in 0.019853 seconds
  Import took 0.032657 seconds .

========================================================================
Received Import Request.
  Time since last request: 12.667206 seconds.
  path: Assets/Scripts/Animations/PlayerAnimations.cs
  artifactKey: Guid(b65747c3927e2d143aedfd3950313012) Importer(815301076,1909f56bfc062723c751e8b465ee728b)
Start importing Assets/Scripts/Animations/PlayerAnimations.cs using Guid(b65747c3927e2d143aedfd3950313012) Importer(815301076,1909f56bfc062723c751e8b465ee728b)  -> (artifact id: '3c2f1203bde3ab78882a8347496fee37') in 0.019782 seconds
  Import took 0.023134 seconds .

========================================================================
Received Prepare
Registering precompiled user dll's ...
Registered in 0.002161 seconds.
Begin MonoManager ReloadAssembly
Native extension for WindowsStandalone target not found
Refreshing native plugins compatible for Editor in 0.59 ms, found 3 plugins.
Preloading 0 native plugins for Editor in 0.00 ms.
Mono: successfully reloaded assembly
- Completed reload, in  0.833 seconds
Platform modules already initialized, skipping
Refreshing native plugins compatible for Editor in 0.55 ms, found 3 plugins.
Preloading 0 native plugins for Editor in 0.00 ms.
Unloading 2076 Unused Serialized files (Serialized files now loaded: 0)
System memory in use before: 96.3 MB.
System memory in use after: 96.3 MB.

Unloading 21 unused Assets to reduce memory usage. Loaded Objects now: 2606.
Total: 2.217800 ms (FindLiveObjects: 0.210000 ms CreateObjectMapping: 0.058900 ms MarkObjects: 1.835600 ms  DeleteObjects: 0.112300 ms)

========================================================================
Received Prepare
Registering precompiled user dll's ...
Registered in 0.002325 seconds.
Begin MonoManager ReloadAssembly
Native extension for WindowsStandalone target not found
Refreshing native plugins compatible for Editor in 0.55 ms, found 3 plugins.
Preloading 0 native plugins for Editor in 0.00 ms.
Mono: successfully reloaded assembly
- Completed reload, in  0.844 seconds
Platform modules already initialized, skipping
Refreshing native plugins compatible for Editor in 0.52 ms, found 3 plugins.
Preloading 0 native plugins for Editor in 0.00 ms.
Unloading 2076 Unused Serialized files (Serialized files now loaded: 0)
System memory in use before: 96.3 MB.
System memory in use after: 96.3 MB.

Unloading 21 unused Assets to reduce memory usage. Loaded Objects now: 2610.
Total: 2.087400 ms (FindLiveObjects: 0.212300 ms CreateObjectMapping: 0.047000 ms MarkObjects: 1.707600 ms  DeleteObjects: 0.119700 ms)

========================================================================
Received Prepare
Registering precompiled user dll's ...
Registered in 0.002201 seconds.
Begin MonoManager ReloadAssembly
Native extension for WindowsStandalone target not found
Refreshing native plugins compatible for Editor in 0.55 ms, found 3 plugins.
Preloading 0 native plugins for Editor in 0.00 ms.
Mono: successfully reloaded assembly
- Completed reload, in  0.853 seconds
Platform modules already initialized, skipping
Refreshing native plugins compatible for Editor in 0.56 ms, found 3 plugins.
Preloading 0 native plugins for Editor in 0.00 ms.
Unloading 2076 Unused Serialized files (Serialized files now loaded: 0)
System memory in use before: 96.3 MB.
System memory in use after: 96.3 MB.

Unloading 21 unused Assets to reduce memory usage. Loaded Objects now: 2614.
Total: 2.087900 ms (FindLiveObjects: 0.226100 ms CreateObjectMapping: 0.047300 ms MarkObjects: 1.698700 ms  DeleteObjects: 0.114500 ms)

========================================================================
Received Prepare
Registering precompiled user dll's ...
Registered in 0.002272 seconds.
Begin MonoManager ReloadAssembly
Native extension for WindowsStandalone target not found
Refreshing native plugins compatible for Editor in 0.57 ms, found 3 plugins.
Preloading 0 native plugins for Editor in 0.00 ms.
Mono: successfully reloaded assembly
- Completed reload, in  0.863 seconds
Platform modules already initialized, skipping
Refreshing native plugins compatible for Editor in 0.56 ms, found 3 plugins.
Preloading 0 native plugins for Editor in 0.00 ms.
Unloading 2076 Unused Serialized files (Serialized files now loaded: 0)
System memory in use before: 96.3 MB.
System memory in use after: 96.3 MB.

Unloading 21 unused Assets to reduce memory usage. Loaded Objects now: 2618.
Total: 2.364800 ms (FindLiveObjects: 0.237000 ms CreateObjectMapping: 0.048500 ms MarkObjects: 1.955000 ms  DeleteObjects: 0.122900 ms)

========================================================================
Received Prepare
Registering precompiled user dll's ...
Registered in 0.002337 seconds.
Begin MonoManager ReloadAssembly
Native extension for WindowsStandalone target not found
Refreshing native plugins compatible for Editor in 0.56 ms, found 3 plugins.
Preloading 0 native plugins for Editor in 0.00 ms.
Mono: successfully reloaded assembly
- Completed reload, in  0.846 seconds
Platform modules already initialized, skipping
Refreshing native plugins compatible for Editor in 0.52 ms, found 3 plugins.
Preloading 0 native plugins for Editor in 0.00 ms.
Unloading 2076 Unused Serialized files (Serialized files now loaded: 0)
System memory in use before: 96.3 MB.
System memory in use after: 96.3 MB.

Unloading 21 unused Assets to reduce memory usage. Loaded Objects now: 2622.
Total: 2.102800 ms (FindLiveObjects: 0.225400 ms CreateObjectMapping: 0.048000 ms MarkObjects: 1.718800 ms  DeleteObjects: 0.109600 ms)

========================================================================
Received Prepare
Registering precompiled user dll's ...
Registered in 0.159793 seconds.
Begin MonoManager ReloadAssembly
Native extension for WindowsStandalone target not found
Refreshing native plugins compatible for Editor in 0.63 ms, found 3 plugins.
Preloading 0 native plugins for Editor in 0.00 ms.
Mono: successfully reloaded assembly
- Completed reload, in  1.850 seconds
Platform modules already initialized, skipping
Refreshing native plugins compatible for Editor in 2.64 ms, found 3 plugins.
Preloading 0 native plugins for Editor in 0.00 ms.
Unloading 2076 Unused Serialized files (Serialized files now loaded: 0)
System memory in use before: 96.3 MB.
System memory in use after: 96.3 MB.

Unloading 21 unused Assets to reduce memory usage. Loaded Objects now: 2626.
Total: 2.595600 ms (FindLiveObjects: 0.377100 ms CreateObjectMapping: 0.130700 ms MarkObjects: 1.930100 ms  DeleteObjects: 0.155500 ms)

AssetImportWorkerClient::OnTransportError - code=2 error=End of file
